# JRE version: Java(TM) SE Runtime Environment (21.0.3+7) (build 21.0.3+7-LTS-152)
# Java VM: Java HotSpot(TM) 64-Bit Server VM (21.0.3+7-LTS-152, mixed mode, sharing, tiered, compressed oops, compressed class ptrs, g1 gc, windows-amd64)
GC Precious Log:
 CardTable entry size: 512
 Card Set container configuration: InlinePtr #cards 5 size 8 Array Of Cards #cards 12 size 40 Howl #buckets 4 coarsen threshold 1843 Howl Bitmap #cards 512 size 80 coarsen threshold 460 Card regions per heap region 1 cards per card region 2048
 CPUs: 4 total, 4 available
 Memory: 7572M
 Large Page Support: Disabled
 NUMA Support: Disabled
 Compressed Oops: Enabled (32-bit)
 Heap Region Size: 1M
 Heap Min Capacity: 8M
 Heap Initial Capacity: 120M
 Heap Max Capacity: 1894M
 Pre-touch: Disabled
 Parallel Workers: 4
 Concurrent Workers: 1
 Concurrent Refinement Workers: 4
 Periodic GC: Disabled
Heap:
 garbage-first heap   total 98304K, used 51200K [0x0000000089a00000, 0x0000000100000000)
  region size 1024K, 2 young (2048K), 2 survivors (2048K)
 Metaspace       used 28723K, committed 29120K, reserved 1114112K
  class space    used 3214K, committed 3392K, reserved 1048576K
GC Heap History (17 events):
Event: 2.156 GC heap before
{Heap before GC invocations=0 (full 0):
 garbage-first heap   total 122880K, used 13311K [0x0000000089a00000, 0x0000000100000000)
  region size 1024K, 13 young (13312K), 0 survivors (0K)
 Metaspace       used 3650K, committed 3904K, reserved 1114112K
  class space    used 374K, committed 512K, reserved 1048576K
}
Event: 2.166 GC heap after
{Heap after GC invocations=1 (full 0):
 garbage-first heap   total 122880K, used 3200K [0x0000000089a00000, 0x0000000100000000)
  region size 1024K, 2 young (2048K), 2 survivors (2048K)
 Metaspace       used 3650K, committed 3904K, reserved 1114112K
  class space    used 374K, committed 512K, reserved 1048576K
}
Event: 2.931 GC heap before
{Heap before GC invocations=1 (full 0):
 garbage-first heap   total 122880K, used 19584K [0x0000000089a00000, 0x0000000100000000)
  region size 1024K, 18 young (18432K), 2 survivors (2048K)
 Metaspace       used 6164K, committed 6336K, reserved 1114112K
  class space    used 726K, committed 832K, reserved 1048576K
}
Event: 2.940 GC heap after
{Heap after GC invocations=2 (full 0):
 garbage-first heap   total 122880K, used 4310K [0x0000000089a00000, 0x0000000100000000)
  region size 1024K, 1 young (1024K), 1 survivors (1024K)
 Metaspace       used 6164K, committed 6336K, reserved 1114112K
  class space    used 726K, committed 832K, reserved 1048576K
}
Event: 7.090 GC heap before
{Heap before GC invocations=2 (full 0):
 garbage-first heap   total 122880K, used 75990K [0x0000000089a00000, 0x0000000100000000)
  region size 1024K, 72 young (73728K), 1 survivors (1024K)
 Metaspace       used 15601K, committed 15808K, reserved 1114112K
  class space    used 1836K, committed 1920K, reserved 1048576K
}
Event: 7.117 GC heap after
{Heap after GC invocations=3 (full 0):
 garbage-first heap   total 122880K, used 10839K [0x0000000089a00000, 0x0000000100000000)
  region size 1024K, 8 young (8192K), 8 survivors (8192K)
 Metaspace       used 15601K, committed 15808K, reserved 1114112K
  class space    used 1836K, committed 1920K, reserved 1048576K
}
Event: 9.283 GC heap before
{Heap before GC invocations=3 (full 0):
 garbage-first heap   total 122880K, used 76375K [0x0000000089a00000, 0x0000000100000000)
  region size 1024K, 72 young (73728K), 8 survivors (8192K)
 Metaspace       used 16098K, committed 16384K, reserved 1114112K
  class space    used 1875K, committed 1984K, reserved 1048576K
}
Event: 9.327 GC heap after
{Heap after GC invocations=4 (full 0):
 garbage-first heap   total 122880K, used 19245K [0x0000000089a00000, 0x0000000100000000)
  region size 1024K, 8 young (8192K), 8 survivors (8192K)
 Metaspace       used 16098K, committed 16384K, reserved 1114112K
  class space    used 1875K, committed 1984K, reserved 1048576K
}
Event: 12.458 GC heap before
{Heap before GC invocations=4 (full 0):
 garbage-first heap   total 122880K, used 84781K [0x0000000089a00000, 0x0000000100000000)
  region size 1024K, 72 young (73728K), 8 survivors (8192K)
 Metaspace       used 16781K, committed 17024K, reserved 1114112K
  class space    used 1895K, committed 1984K, reserved 1048576K
}
Event: 12.484 GC heap after
{Heap after GC invocations=5 (full 0):
 garbage-first heap   total 122880K, used 22528K [0x0000000089a00000, 0x0000000100000000)
  region size 1024K, 4 young (4096K), 4 survivors (4096K)
 Metaspace       used 16781K, committed 17024K, reserved 1114112K
  class space    used 1895K, committed 1984K, reserved 1048576K
}
Event: 15.160 GC heap before
{Heap before GC invocations=5 (full 0):
 garbage-first heap   total 122880K, used 103424K [0x0000000089a00000, 0x0000000100000000)
  region size 1024K, 51 young (52224K), 4 survivors (4096K)
 Metaspace       used 21237K, committed 21504K, reserved 1114112K
  class space    used 2445K, committed 2560K, reserved 1048576K
}
Event: 15.176 GC heap after
{Heap after GC invocations=6 (full 0):
 garbage-first heap   total 122880K, used 25088K [0x0000000089a00000, 0x0000000100000000)
  region size 1024K, 6 young (6144K), 6 survivors (6144K)
 Metaspace       used 21237K, committed 21504K, reserved 1114112K
  class space    used 2445K, committed 2560K, reserved 1048576K
}
Event: 17.213 GC heap before
{Heap before GC invocations=7 (full 0):
 garbage-first heap   total 89088K, used 74240K [0x0000000089a00000, 0x0000000100000000)
  region size 1024K, 52 young (53248K), 6 survivors (6144K)
 Metaspace       used 26309K, committed 26688K, reserved 1114112K
  class space    used 2963K, committed 3136K, reserved 1048576K
}
Event: 17.252 GC heap after
{Heap after GC invocations=8 (full 0):
 garbage-first heap   total 98304K, used 43520K [0x0000000089a00000, 0x0000000100000000)
  region size 1024K, 7 young (7168K), 7 survivors (7168K)
 Metaspace       used 26309K, committed 26688K, reserved 1114112K
  class space    used 2963K, committed 3136K, reserved 1048576K
}
Event: 18.783 GC heap before
{Heap before GC invocations=8 (full 0):
 garbage-first heap   total 98304K, used 80384K [0x0000000089a00000, 0x0000000100000000)
  region size 1024K, 42 young (43008K), 7 survivors (7168K)
 Metaspace       used 28313K, committed 28672K, reserved 1114112K
  class space    used 3180K, committed 3328K, reserved 1048576K
}
Event: 18.809 GC heap after
{Heap after GC invocations=9 (full 0):
 garbage-first heap   total 98304K, used 50688K [0x0000000089a00000, 0x0000000100000000)
  region size 1024K, 6 young (6144K), 6 survivors (6144K)
 Metaspace       used 28313K, committed 28672K, reserved 1114112K
  class space    used 3180K, committed 3328K, reserved 1048576K
}
Event: 20.636 GC heap before
{Heap before GC invocations=9 (full 0):
 garbage-first heap   total 98304K, used 81408K [0x0000000089a00000, 0x0000000100000000)
  region size 1024K, 36 young (36864K), 6 survivors (6144K)
 Metaspace       used 28723K, committed 29120K, reserved 1114112K
  class space    used 3214K, committed 3392K, reserved 1048576K
}

